<?xml version="1.0" encoding="UTF-8"?>
<coverage generated="1768753123688" clover="3.2.0">
  <project timestamp="1768753123688" name="All files">
    <metrics statements="7" coveredstatements="6" conditionals="8" coveredconditionals="8" methods="1" coveredmethods="1" elements="16" coveredelements="15" complexity="0" loc="7" ncloc="7" packages="1" files="1" classes="1"/>
    <file name="openaiHelper.ts" path="D:\Projects\BobRossBot2.0\src\openaiHelper.ts">
      <metrics statements="7" coveredstatements="6" conditionals="8" coveredconditionals="8" methods="1" coveredmethods="1"/>
      <line num="1" count="1" type="stmt"/>
      <line num="3" count="6" type="cond" truecount="5" falsecount="0"/>
      <line num="4" count="3" type="stmt"/>
      <line num="5" count="3" type="cond" truecount="1" falsecount="0"/>
      <line num="7" count="2" type="cond" truecount="1" falsecount="0"/>
      <line num="9" count="1" type="cond" truecount="1" falsecount="0"/>
      <line num="10" count="0" type="stmt"/>
    </file>
  </project>
</coverage>
