<?xml version="1.0" encoding="UTF-8"?>
<coverage generated="1768760534318" clover="3.2.0">
  <project timestamp="1768760534319" name="All files">
    <metrics statements="12" coveredstatements="11" conditionals="14" coveredconditionals="14" methods="1" coveredmethods="1" elements="27" coveredelements="26" complexity="0" loc="12" ncloc="12" packages="1" files="1" classes="1"/>
    <file name="openaiHelper.ts" path="D:\Projects\BobRossBot2.0\src\openaiHelper.ts">
      <metrics statements="12" coveredstatements="11" conditionals="14" coveredconditionals="14" methods="1" coveredmethods="1"/>
      <line num="1" count="1" type="stmt"/>
      <line num="3" count="6" type="cond" truecount="3" falsecount="0"/>
      <line num="4" count="5" type="stmt"/>
      <line num="5" count="5" type="stmt"/>
      <line num="6" count="5" type="cond" truecount="4" falsecount="0"/>
      <line num="7" count="3" type="stmt"/>
      <line num="8" count="3" type="stmt"/>
      <line num="9" count="3" type="cond" truecount="1" falsecount="0"/>
      <line num="15" count="1" type="stmt"/>
      <line num="18" count="2" type="cond" truecount="1" falsecount="0"/>
      <line num="20" count="1" type="cond" truecount="1" falsecount="0"/>
      <line num="21" count="0" type="stmt"/>
    </file>
  </project>
</coverage>
