{"D:\\Projects\\BobRossBot2.0\\src\\logger.ts": {"path":"D:\\Projects\\BobRossBot2.0\\src\\logger.ts","statementMap":{"0":{"start":{"line":1,"column":0},"end":{"line":1,"column":59}},"1":{"start":{"line":2,"column":0},"end":{"line":2,"column":25}},"2":{"start":{"line":3,"column":0},"end":{"line":3,"column":29}},"3":{"start":{"line":5,"column":15},"end":{"line":5,"column":50}},"4":{"start":{"line":6,"column":0},"end":{"line":8,"column":1}},"5":{"start":{"line":7,"column":2},"end":{"line":7,"column":23}},"6":{"start":{"line":10,"column":15},"end":{"line":28,"column":2}},"7":{"start":{"line":15,"column":41},"end":{"line":15,"column":91}},"8":{"start":{"line":30,"column":0},"end":{"line":30,"column":22}}},"fnMap":{"0":{"name":"(anonymous_9)","decl":{"start":{"line":15,"column":6},"end":{"line":15,"column":7}},"loc":{"start":{"line":15,"column":41},"end":{"line":15,"column":91}}}},"branchMap":{"0":{"loc":{"start":{"line":6,"column":0},"end":{"line":8,"column":1}},"type":"if","locations":[{"start":{"line":6,"column":0},"end":{"line":8,"column":1}}]},"1":{"loc":{"start":{"line":11,"column":9},"end":{"line":11,"column":40}},"type":"binary-expr","locations":[{"start":{"line":11,"column":9},"end":{"line":11,"column":30}},{"start":{"line":11,"column":34},"end":{"line":11,"column":40}}]}},"s":{"0":1,"1":1,"2":1,"3":1,"4":1,"5":0,"6":1,"7":5,"8":1},"f":{"0":5},"b":{"0":[0],"1":[1,1]}}
,"D:\\Projects\\BobRossBot2.0\\src\\openaiClient.ts": {"path":"D:\\Projects\\BobRossBot2.0\\src\\openaiClient.ts","statementMap":{"0":{"start":{"line":4,"column":0},"end":{"line":4,"column":7}},"1":{"start":{"line":1,"column":0},"end":{"line":1,"column":30}},"2":{"start":{"line":10,"column":16},"end":{"line":10,"column":17}},"3":{"start":{"line":11,"column":2},"end":{"line":31,"column":3}},"4":{"start":{"line":12,"column":4},"end":{"line":30,"column":5}},"5":{"start":{"line":13,"column":6},"end":{"line":13,"column":24}},"6":{"start":{"line":15,"column":6},"end":{"line":15,"column":16}},"7":{"start":{"line":16,"column":16},"end":{"line":16,"column":30}},"8":{"start":{"line":17,"column":21},"end":{"line":17,"column":98}},"9":{"start":{"line":20,"column":8},"end":{"line":20,"column":82}},"10":{"start":{"line":21,"column":6},"end":{"line":24,"column":7}},"11":{"start":{"line":22,"column":8},"end":{"line":22,"column":85}},"12":{"start":{"line":23,"column":8},"end":{"line":23,"column":18}},"13":{"start":{"line":25,"column":20},"end":{"line":25,"column":86}},"14":{"start":{"line":26,"column":6},"end":{"line":28,"column":8}},"15":{"start":{"line":29,"column":6},"end":{"line":29,"column":57}},"16":{"start":{"line":29,"column":33},"end":{"line":29,"column":55}}},"fnMap":{"0":{"name":"callWithRetry","decl":{"start":{"line":4,"column":22},"end":{"line":4,"column":35}},"loc":{"start":{"line":7,"column":18},"end":{"line":32,"column":1}}},"1":{"name":"(anonymous_2)","decl":{"start":{"line":29,"column":24},"end":{"line":29,"column":25}},"loc":{"start":{"line":29,"column":33},"end":{"line":29,"column":55}}}},"branchMap":{"0":{"loc":{"start":{"line":6,"column":2},"end":{"line":6,"column":16}},"type":"default-arg","locations":[{"start":{"line":6,"column":15},"end":{"line":6,"column":16}}]},"1":{"loc":{"start":{"line":7,"column":2},"end":{"line":7,"column":18}},"type":"default-arg","locations":[{"start":{"line":7,"column":14},"end":{"line":7,"column":18}}]},"2":{"loc":{"start":{"line":17,"column":21},"end":{"line":17,"column":98}},"type":"binary-expr","locations":[{"start":{"line":17,"column":21},"end":{"line":17,"column":29}},{"start":{"line":17,"column":33},"end":{"line":17,"column":45}},{"start":{"line":17,"column":50},"end":{"line":17,"column":97}}]},"3":{"loc":{"start":{"line":17,"column":50},"end":{"line":17,"column":97}},"type":"cond-expr","locations":[{"start":{"line":17,"column":79},"end":{"line":17,"column":85}},{"start":{"line":17,"column":88},"end":{"line":17,"column":97}}]},"4":{"loc":{"start":{"line":20,"column":8},"end":{"line":20,"column":82}},"type":"binary-expr","locations":[{"start":{"line":20,"column":8},"end":{"line":20,"column":22}},{"start":{"line":20,"column":27},"end":{"line":20,"column":53}},{"start":{"line":20,"column":57},"end":{"line":20,"column":70}},{"start":{"line":20,"column":75},"end":{"line":20,"column":82}}]},"5":{"loc":{"start":{"line":21,"column":6},"end":{"line":24,"column":7}},"type":"if","locations":[{"start":{"line":21,"column":6},"end":{"line":24,"column":7}}]},"6":{"loc":{"start":{"line":21,"column":10},"end":{"line":21,"column":46}},"type":"binary-expr","locations":[{"start":{"line":21,"column":10},"end":{"line":21,"column":22}},{"start":{"line":21,"column":26},"end":{"line":21,"column":46}}]}},"s":{"0":1,"1":1,"2":2,"3":2,"4":6,"5":6,"6":5,"7":5,"8":5,"9":5,"10":5,"11":1,"12":1,"13":4,"14":4,"15":4,"16":4},"f":{"0":2,"1":4},"b":{"0":[0],"1":[0],"2":[5,0,0],"3":[0,0],"4":[5,3,3,0],"5":[1],"6":[5,5]}}
,"D:\\Projects\\BobRossBot2.0\\src\\openaiHelper.ts": {"path":"D:\\Projects\\BobRossBot2.0\\src\\openaiHelper.ts","statementMap":{"0":{"start":{"line":1,"column":0},"end":{"line":1,"column":16}},"1":{"start":{"line":3,"column":2},"end":{"line":3,"column":61}},"2":{"start":{"line":3,"column":49},"end":{"line":3,"column":61}},"3":{"start":{"line":4,"column":14},"end":{"line":4,"column":49}},"4":{"start":{"line":5,"column":18},"end":{"line":5,"column":29}},"5":{"start":{"line":6,"column":2},"end":{"line":6,"column":79}},"6":{"start":{"line":6,"column":67},"end":{"line":6,"column":79}},"7":{"start":{"line":7,"column":17},"end":{"line":7,"column":54}},"8":{"start":{"line":8,"column":18},"end":{"line":8,"column":32}},"9":{"start":{"line":9,"column":2},"end":{"line":16,"column":3}},"10":{"start":{"line":15,"column":4},"end":{"line":15,"column":66}},"11":{"start":{"line":18,"column":2},"end":{"line":18,"column":50}},"12":{"start":{"line":18,"column":35},"end":{"line":18,"column":50}},"13":{"start":{"line":20,"column":2},"end":{"line":20,"column":58}},"14":{"start":{"line":20,"column":39},"end":{"line":20,"column":58}},"15":{"start":{"line":21,"column":2},"end":{"line":21,"column":14}}},"fnMap":{"0":{"name":"extractMessageFromResponse","decl":{"start":{"line":1,"column":16},"end":{"line":1,"column":42}},"loc":{"start":{"line":1,"column":60},"end":{"line":22,"column":1}}}},"branchMap":{"0":{"loc":{"start":{"line":3,"column":2},"end":{"line":3,"column":61}},"type":"if","locations":[{"start":{"line":3,"column":2},"end":{"line":3,"column":61}}]},"1":{"loc":{"start":{"line":3,"column":6},"end":{"line":3,"column":47}},"type":"binary-expr","locations":[{"start":{"line":3,"column":6},"end":{"line":3,"column":15}},{"start":{"line":3,"column":19},"end":{"line":3,"column":47}}]},"2":{"loc":{"start":{"line":6,"column":2},"end":{"line":6,"column":79}},"type":"if","locations":[{"start":{"line":6,"column":2},"end":{"line":6,"column":79}}]},"3":{"loc":{"start":{"line":6,"column":6},"end":{"line":6,"column":65}},"type":"binary-expr","locations":[{"start":{"line":6,"column":6},"end":{"line":6,"column":14}},{"start":{"line":6,"column":18},"end":{"line":6,"column":41}},{"start":{"line":6,"column":45},"end":{"line":6,"column":65}}]},"4":{"loc":{"start":{"line":9,"column":2},"end":{"line":16,"column":3}},"type":"if","locations":[{"start":{"line":9,"column":2},"end":{"line":16,"column":3}}]},"5":{"loc":{"start":{"line":10,"column":4},"end":{"line":13,"column":68}},"type":"binary-expr","locations":[{"start":{"line":10,"column":4},"end":{"line":10,"column":11}},{"start":{"line":11,"column":4},"end":{"line":11,"column":31}},{"start":{"line":12,"column":4},"end":{"line":12,"column":24}},{"start":{"line":13,"column":4},"end":{"line":13,"column":68}}]},"6":{"loc":{"start":{"line":18,"column":2},"end":{"line":18,"column":50}},"type":"if","locations":[{"start":{"line":18,"column":2},"end":{"line":18,"column":50}}]},"7":{"loc":{"start":{"line":20,"column":2},"end":{"line":20,"column":58}},"type":"if","locations":[{"start":{"line":20,"column":2},"end":{"line":20,"column":58}}]}},"s":{"0":1,"1":6,"2":1,"3":5,"4":5,"5":5,"6":2,"7":3,"8":3,"9":3,"10":1,"11":2,"12":1,"13":1,"14":1,"15":0},"f":{"0":6},"b":{"0":[1],"1":[6,5],"2":[2],"3":[5,4,4],"4":[1],"5":[3,2,1,1],"6":[1],"7":[1]}}
}
