{"D:\\Projects\\BobRossBot2.0\\src\\openaiHelper.ts": {"path":"D:\\Projects\\BobRossBot2.0\\src\\openaiHelper.ts","statementMap":{"0":{"start":{"line":1,"column":0},"end":{"line":1,"column":16}},"1":{"start":{"line":3,"column":2},"end":{"line":3,"column":119}},"2":{"start":{"line":3,"column":107},"end":{"line":3,"column":119}},"3":{"start":{"line":4,"column":17},"end":{"line":4,"column":36}},"4":{"start":{"line":5,"column":2},"end":{"line":5,"column":62}},"5":{"start":{"line":5,"column":32},"end":{"line":5,"column":62}},"6":{"start":{"line":7,"column":2},"end":{"line":7,"column":65}},"7":{"start":{"line":7,"column":43},"end":{"line":7,"column":65}},"8":{"start":{"line":9,"column":2},"end":{"line":9,"column":39}},"9":{"start":{"line":9,"column":20},"end":{"line":9,"column":39}},"10":{"start":{"line":10,"column":2},"end":{"line":10,"column":14}}},"fnMap":{"0":{"name":"extractMessageFromResponse","decl":{"start":{"line":1,"column":16},"end":{"line":1,"column":42}},"loc":{"start":{"line":1,"column":56},"end":{"line":11,"column":1}}}},"branchMap":{"0":{"loc":{"start":{"line":3,"column":2},"end":{"line":3,"column":119}},"type":"if","locations":[{"start":{"line":3,"column":2},"end":{"line":3,"column":119}}]},"1":{"loc":{"start":{"line":3,"column":6},"end":{"line":3,"column":105}},"type":"binary-expr","locations":[{"start":{"line":3,"column":6},"end":{"line":3,"column":15}},{"start":{"line":3,"column":19},"end":{"line":3,"column":36}},{"start":{"line":3,"column":40},"end":{"line":3,"column":72}},{"start":{"line":3,"column":76},"end":{"line":3,"column":105}}]},"2":{"loc":{"start":{"line":5,"column":2},"end":{"line":5,"column":62}},"type":"if","locations":[{"start":{"line":5,"column":2},"end":{"line":5,"column":62}}]},"3":{"loc":{"start":{"line":7,"column":2},"end":{"line":7,"column":65}},"type":"if","locations":[{"start":{"line":7,"column":2},"end":{"line":7,"column":65}}]},"4":{"loc":{"start":{"line":9,"column":2},"end":{"line":9,"column":39}},"type":"if","locations":[{"start":{"line":9,"column":2},"end":{"line":9,"column":39}}]}},"s":{"0":1,"1":6,"2":3,"3":3,"4":3,"5":1,"6":2,"7":1,"8":1,"9":1,"10":0},"f":{"0":6},"b":{"0":[3],"1":[6,5,4,4],"2":[1],"3":[1],"4":[1]}}
}
