TN:
SF:src\logger.ts
FN:15,(anonymous_9)
FNF:1
FNH:1
FNDA:5,(anonymous_9)
DA:1,1
DA:2,1
DA:3,1
DA:5,1
DA:6,1
DA:7,0
DA:10,1
DA:15,5
DA:30,1
LF:9
LH:8
BRDA:6,0,0,0
BRDA:11,1,0,1
BRDA:11,1,1,1
BRF:3
BRH:2
end_of_record
TN:
SF:src\openaiClient.ts
FN:4,callWithRetry
FN:29,(anonymous_2)
FNF:2
FNH:2
FNDA:2,callWithRetry
FNDA:4,(anonymous_2)
DA:1,1
DA:4,1
DA:10,2
DA:11,2
DA:12,6
DA:13,6
DA:15,5
DA:16,5
DA:17,5
DA:20,5
DA:21,5
DA:22,1
DA:23,1
DA:25,4
DA:26,4
DA:29,4
LF:16
LH:16
BRDA:6,0,0,0
BRDA:7,1,0,0
BRDA:17,2,0,5
BRDA:17,2,1,0
BRDA:17,2,2,0
BRDA:17,3,0,0
BRDA:17,3,1,0
BRDA:20,4,0,5
BRDA:20,4,1,3
BRDA:20,4,2,3
BRDA:20,4,3,0
BRDA:21,5,0,1
BRDA:21,6,0,5
BRDA:21,6,1,5
BRF:14
BRH:7
end_of_record
TN:
SF:src\openaiHelper.ts
FN:1,extractMessageFromResponse
FNF:1
FNH:1
FNDA:6,extractMessageFromResponse
DA:1,1
DA:3,6
DA:4,5
DA:5,5
DA:6,5
DA:7,3
DA:8,3
DA:9,3
DA:15,1
DA:18,2
DA:20,1
DA:21,0
LF:12
LH:11
BRDA:3,0,0,1
BRDA:3,1,0,6
BRDA:3,1,1,5
BRDA:6,2,0,2
BRDA:6,3,0,5
BRDA:6,3,1,4
BRDA:6,3,2,4
BRDA:9,4,0,1
BRDA:10,5,0,3
BRDA:10,5,1,2
BRDA:10,5,2,1
BRDA:10,5,3,1
BRDA:18,6,0,1
BRDA:20,7,0,1
BRF:14
BRH:14
end_of_record
