TN:
SF:src\health.ts
FN:4,startHealthServer
FN:5,(anonymous_2)
FN:16,(anonymous_3)
FNF:3
FNH:3
FNDA:1,startHealthServer
FNDA:2,(anonymous_2)
FNDA:1,(anonymous_3)
DA:1,1
DA:2,1
DA:4,1
DA:5,1
DA:7,2
DA:8,2
DA:9,2
DA:11,0
DA:12,0
DA:16,1
DA:17,1
DA:20,1
LF:12
LH:10
BRDA:4,0,0,0
BRDA:7,1,0,2
BRDA:7,1,1,0
BRDA:7,2,0,2
BRDA:7,2,1,2
BRDA:7,2,2,1
BRF:6
BRH:4
end_of_record
TN:
SF:src\logger.ts
FN:14,(anonymous_9)
FNF:1
FNH:1
FNDA:8,(anonymous_9)
DA:1,2
DA:2,2
DA:3,2
DA:5,2
DA:6,2
DA:7,0
DA:10,2
DA:11,2
DA:15,8
DA:16,8
DA:20,2
DA:36,2
LF:12
LH:11
BRDA:6,0,0,0
BRDA:15,1,0,8
BRDA:15,1,1,0
BRDA:21,2,0,2
BRDA:21,2,1,2
BRF:5
BRH:3
end_of_record
TN:
SF:src\openaiClient.ts
FN:4,callWithRetry
FN:29,(anonymous_2)
FNF:2
FNH:2
FNDA:4,callWithRetry
FNDA:5,(anonymous_2)
DA:1,1
DA:4,1
DA:10,4
DA:11,4
DA:12,9
DA:13,9
DA:15,7
DA:16,7
DA:17,7
DA:20,7
DA:21,7
DA:22,2
DA:23,2
DA:25,5
DA:26,5
DA:29,5
LF:16
LH:16
BRDA:6,0,0,0
BRDA:7,1,0,0
BRDA:17,2,0,7
BRDA:17,2,1,1
BRDA:17,2,2,1
BRDA:17,3,0,0
BRDA:17,3,1,1
BRDA:20,4,0,7
BRDA:20,4,1,5
BRDA:20,4,2,4
BRDA:20,4,3,2
BRDA:21,5,0,2
BRDA:21,6,0,7
BRDA:21,6,1,6
BRF:14
BRH:11
end_of_record
TN:
SF:src\openaiHelper.ts
FN:1,extractMessageFromResponse
FNF:1
FNH:1
FNDA:6,extractMessageFromResponse
DA:1,1
DA:3,6
DA:4,5
DA:5,5
DA:6,5
DA:7,3
DA:8,3
DA:9,3
DA:15,1
DA:18,2
DA:20,1
DA:21,0
LF:12
LH:11
BRDA:3,0,0,1
BRDA:3,1,0,6
BRDA:3,1,1,5
BRDA:6,2,0,2
BRDA:6,3,0,5
BRDA:6,3,1,4
BRDA:6,3,2,4
BRDA:9,4,0,1
BRDA:10,5,0,3
BRDA:10,5,1,2
BRDA:10,5,2,1
BRDA:10,5,3,1
BRDA:18,6,0,1
BRDA:20,7,0,1
BRF:14
BRH:14
end_of_record
